DEBUG    twister_harness.device.factory:factory.py:37 Get device type "hardware"
DEBUG    httpcore.connection:_trace.py:87 connect_tcp.started host='api.golioth.io' port=443 local_address=None timeout=5.0 socket_options=None
DEBUG    httpcore.connection:_trace.py:87 connect_tcp.complete return_value=<httpcore._backends.trio.TrioStream object at 0xffff8ff28590>
DEBUG    httpcore.connection:_trace.py:87 start_tls.started ssl_context=<ssl.SSLContext object at 0xffff900dcef0> server_hostname='api.golioth.io' timeout=5.0
DEBUG    httpcore.connection:_trace.py:87 start_tls.complete return_value=<httpcore._backends.trio.TrioStream object at 0xffff900e51d0>
DEBUG    httpcore.http11:_trace.py:87 send_request_headers.started request=<Request [b'GET']>
DEBUG    httpcore.http11:_trace.py:87 send_request_headers.complete
DEBUG    httpcore.http11:_trace.py:87 send_request_body.started request=<Request [b'GET']>
DEBUG    httpcore.http11:_trace.py:87 send_request_body.complete
DEBUG    httpcore.http11:_trace.py:87 receive_response_headers.started request=<Request [b'GET']>
DEBUG    httpcore.http11:_trace.py:87 receive_response_headers.complete return_value=(b'HTTP/1.1', 200, b'OK', [(b'content-type', b'application/json'), (b'content-length', b'188'), (b'access-control-expose-headers', b'Content-Range'), (b'content-range', b'projects 0-1/1'), (b'grpc-metadata-access-control-expose-headers', b'Content-Range'), (b'grpc-metadata-content-type', b'application/grpc'), (b'date', b'Tue, 21 Oct 2025 15:42:28 GMT'), (b'x-kong-upstream-latency', b'25'), (b'x-kong-proxy-latency', b'1'), (b'via', b'kong/2.5.2, 1.1 google')])
INFO     httpx:_client.py:1740 HTTP Request: GET https://api.golioth.io/v1/projects "HTTP/1.1 200 OK"
DEBUG    httpcore.http11:_trace.py:87 receive_response_body.started request=<Request [b'GET']>
DEBUG    httpcore.http11:_trace.py:87 receive_response_body.complete
DEBUG    httpcore.http11:_trace.py:87 response_closed.started
DEBUG    httpcore.http11:_trace.py:87 response_closed.complete
DEBUG    httpcore.connection:_trace.py:87 close.started
DEBUG    httpcore.connection:_trace.py:87 close.complete
DEBUG    httpcore.connection:_trace.py:87 connect_tcp.started host='api.golioth.io' port=443 local_address=None timeout=5.0 socket_options=None
DEBUG    httpcore.connection:_trace.py:87 connect_tcp.complete return_value=<httpcore._backends.trio.TrioStream object at 0xffff900e6c10>
DEBUG    httpcore.connection:_trace.py:87 start_tls.started ssl_context=<ssl.SSLContext object at 0xffff900dd400> server_hostname='api.golioth.io' timeout=5.0
DEBUG    httpcore.connection:_trace.py:87 start_tls.complete return_value=<httpcore._backends.trio.TrioStream object at 0xffff900c6190>
DEBUG    httpcore.http11:_trace.py:87 send_request_headers.started request=<Request [b'POST']>
DEBUG    httpcore.http11:_trace.py:87 send_request_headers.complete
DEBUG    httpcore.http11:_trace.py:87 send_request_body.started request=<Request [b'POST']>
DEBUG    httpcore.http11:_trace.py:87 send_request_body.complete
DEBUG    httpcore.http11:_trace.py:87 receive_response_headers.started request=<Request [b'POST']>
DEBUG    httpcore.http11:_trace.py:87 receive_response_headers.complete return_value=(b'HTTP/1.1', 200, b'OK', [(b'content-type', b'application/json'), (b'content-length', b'287'), (b'grpc-metadata-content-type', b'application/grpc'), (b'date', b'Tue, 21 Oct 2025 15:42:28 GMT'), (b'x-kong-upstream-latency', b'20'), (b'x-kong-proxy-latency', b'2'), (b'via', b'kong/2.5.2, 1.1 google')])
INFO     httpx:_client.py:1740 HTTP Request: POST https://api.golioth.io/v1/projects/firmware_ci/devices "HTTP/1.1 200 OK"
DEBUG    httpcore.http11:_trace.py:87 receive_response_body.started request=<Request [b'POST']>
DEBUG    httpcore.http11:_trace.py:87 receive_response_body.complete
DEBUG    httpcore.http11:_trace.py:87 response_closed.started
DEBUG    httpcore.http11:_trace.py:87 response_closed.complete
DEBUG    httpcore.connection:_trace.py:87 close.started
DEBUG    httpcore.connection:_trace.py:87 close.complete
DEBUG    httpcore.connection:_trace.py:87 connect_tcp.started host='api.golioth.io' port=443 local_address=None timeout=5.0 socket_options=None
DEBUG    httpcore.connection:_trace.py:87 connect_tcp.complete return_value=<httpcore._backends.trio.TrioStream object at 0xffff900c6780>
DEBUG    httpcore.connection:_trace.py:87 start_tls.started ssl_context=<ssl.SSLContext object at 0xffff900dd6d0> server_hostname='api.golioth.io' timeout=5.0
DEBUG    httpcore.connection:_trace.py:87 start_tls.complete return_value=<httpcore._backends.trio.TrioStream object at 0xffff8ff18710>
DEBUG    httpcore.http11:_trace.py:87 send_request_headers.started request=<Request [b'POST']>
DEBUG    httpcore.http11:_trace.py:87 send_request_headers.complete
DEBUG    httpcore.http11:_trace.py:87 send_request_body.started request=<Request [b'POST']>
DEBUG    httpcore.http11:_trace.py:87 send_request_body.complete
DEBUG    httpcore.http11:_trace.py:87 receive_response_headers.started request=<Request [b'POST']>
DEBUG    httpcore.http11:_trace.py:87 receive_response_headers.complete return_value=(b'HTTP/1.1', 200, b'OK', [(b'content-type', b'application/json'), (b'content-length', b'201'), (b'grpc-metadata-content-type', b'application/grpc'), (b'date', b'Tue, 21 Oct 2025 15:42:29 GMT'), (b'x-kong-upstream-latency', b'19'), (b'x-kong-proxy-latency', b'1'), (b'via', b'kong/2.5.2, 1.1 google')])
INFO     httpx:_client.py:1740 HTTP Request: POST https://api.golioth.io/v1/projects/firmware_ci/devices/68f7a9e4424cece3ad3e3280/credentials "HTTP/1.1 200 OK"
DEBUG    httpcore.http11:_trace.py:87 receive_response_body.started request=<Request [b'POST']>
DEBUG    httpcore.http11:_trace.py:87 receive_response_body.complete
DEBUG    httpcore.http11:_trace.py:87 response_closed.started
DEBUG    httpcore.http11:_trace.py:87 response_closed.complete
DEBUG    httpcore.connection:_trace.py:87 close.started
DEBUG    httpcore.connection:_trace.py:87 close.complete
DEBUG    twister_harness.device.hardware_adapter:utils.py:37 Flashing command: /root/venv/bin/west flash --skip-rebuild --build-dir /__w/golioth-firmware-sdk/golioth-firmware-sdk/twister-out/rak5010_nrf52840/zephyr/lightdb/get/sample.golioth.lightdb_get --runner blackmagicprobe -- --gdb=/usr/bin/gdb
DEBUG    twister_harness.device.hardware_adapter:hardware_adapter.py:135 Flashing finished
DEBUG    twister_harness.device.hardware_adapter:hardware_adapter.py:143 Opening serial connection for /dev/serial/by-id/usb-ZEPHYR_RAK5010_Zephyr_A79B173FF273CE6E-if00
ERROR    twister_harness.device.hardware_adapter:hardware_adapter.py:154 Cannot open connection: [Errno 2] could not open port /dev/serial/by-id/usb-ZEPHYR_RAK5010_Zephyr_A79B173FF273CE6E-if00: [Errno 2] No such file or directory: '/dev/serial/by-id/usb-ZEPHYR_RAK5010_Zephyr_A79B173FF273CE6E-if00'
Traceback (most recent call last):
  File "/root/venv/lib/python3.13/site-packages/serial/serialposix.py", line 322, in open
    self.fd = os.open(self.portstr, os.O_RDWR | os.O_NOCTTY | os.O_NONBLOCK)
              ~~~~~~~^^^^^^^^^^^^^^^^^^^^^^^^^^^^^^^^^^^^^^^^^^^^^^^^^^^^^^^
FileNotFoundError: [Errno 2] No such file or directory: '/dev/serial/by-id/usb-ZEPHYR_RAK5010_Zephyr_A79B173FF273CE6E-if00'

During handling of the above exception, another exception occurred:

Traceback (most recent call last):
  File "/__w/golioth-firmware-sdk/golioth-firmware-sdk/zephyr/scripts/pylib/pytest-twister-harness/src/twister_harness/device/hardware_adapter.py", line 145, in _connect_device
    self._serial_connection = serial.Serial(
                              ~~~~~~~~~~~~~^
        serial_name,
        ^^^^^^^^^^^^
    ...<4 lines>...
        timeout=self.base_timeout,
        ^^^^^^^^^^^^^^^^^^^^^^^^^^
    )
    ^
  File "/root/venv/lib/python3.13/site-packages/serial/serialutil.py", line 244, in __init__
    self.open()
    ~~~~~~~~~^^
  File "/root/venv/lib/python3.13/site-packages/serial/serialposix.py", line 325, in open
    raise SerialException(msg.errno, "could not open port {}: {}".format(self._port, msg))
serial.serialutil.SerialException: [Errno 2] could not open port /dev/serial/by-id/usb-ZEPHYR_RAK5010_Zephyr_A79B173FF273CE6E-if00: [Errno 2] No such file or directory: '/dev/serial/by-id/usb-ZEPHYR_RAK5010_Zephyr_A79B173FF273CE6E-if00'
DEBUG    twister_harness.device.hardware_adapter:hardware_adapter.py:143 Opening serial connection for /dev/serial/by-id/usb-ZEPHYR_RAK5010_Zephyr_A79B173FF273CE6E-if00
ERROR    twister_harness.device.hardware_adapter:hardware_adapter.py:154 Cannot open connection: [Errno 2] could not open port /dev/serial/by-id/usb-ZEPHYR_RAK5010_Zephyr_A79B173FF273CE6E-if00: [Errno 2] No such file or directory: '/dev/serial/by-id/usb-ZEPHYR_RAK5010_Zephyr_A79B173FF273CE6E-if00'
Traceback (most recent call last):
  File "/root/venv/lib/python3.13/site-packages/serial/serialposix.py", line 322, in open
    self.fd = os.open(self.portstr, os.O_RDWR | os.O_NOCTTY | os.O_NONBLOCK)
              ~~~~~~~^^^^^^^^^^^^^^^^^^^^^^^^^^^^^^^^^^^^^^^^^^^^^^^^^^^^^^^
FileNotFoundError: [Errno 2] No such file or directory: '/dev/serial/by-id/usb-ZEPHYR_RAK5010_Zephyr_A79B173FF273CE6E-if00'

During handling of the above exception, another exception occurred:

Traceback (most recent call last):
  File "/__w/golioth-firmware-sdk/golioth-firmware-sdk/zephyr/scripts/pylib/pytest-twister-harness/src/twister_harness/device/hardware_adapter.py", line 145, in _connect_device
    self._serial_connection = serial.Serial(
                              ~~~~~~~~~~~~~^
        serial_name,
        ^^^^^^^^^^^^
    ...<4 lines>...
        timeout=self.base_timeout,
        ^^^^^^^^^^^^^^^^^^^^^^^^^^
    )
    ^
  File "/root/venv/lib/python3.13/site-packages/serial/serialutil.py", line 244, in __init__
    self.open()
    ~~~~~~~~~^^
  File "/root/venv/lib/python3.13/site-packages/serial/serialposix.py", line 325, in open
    raise SerialException(msg.errno, "could not open port {}: {}".format(self._port, msg))
serial.serialutil.SerialException: [Errno 2] could not open port /dev/serial/by-id/usb-ZEPHYR_RAK5010_Zephyr_A79B173FF273CE6E-if00: [Errno 2] No such file or directory: '/dev/serial/by-id/usb-ZEPHYR_RAK5010_Zephyr_A79B173FF273CE6E-if00'
DEBUG    twister_harness.device.hardware_adapter:hardware_adapter.py:143 Opening serial connection for /dev/serial/by-id/usb-ZEPHYR_RAK5010_Zephyr_A79B173FF273CE6E-if00
ERROR    twister_harness.device.hardware_adapter:hardware_adapter.py:154 Cannot open connection: [Errno 2] could not open port /dev/serial/by-id/usb-ZEPHYR_RAK5010_Zephyr_A79B173FF273CE6E-if00: [Errno 2] No such file or directory: '/dev/serial/by-id/usb-ZEPHYR_RAK5010_Zephyr_A79B173FF273CE6E-if00'
Traceback (most recent call last):
  File "/root/venv/lib/python3.13/site-packages/serial/serialposix.py", line 322, in open
    self.fd = os.open(self.portstr, os.O_RDWR | os.O_NOCTTY | os.O_NONBLOCK)
              ~~~~~~~^^^^^^^^^^^^^^^^^^^^^^^^^^^^^^^^^^^^^^^^^^^^^^^^^^^^^^^
FileNotFoundError: [Errno 2] No such file or directory: '/dev/serial/by-id/usb-ZEPHYR_RAK5010_Zephyr_A79B173FF273CE6E-if00'

During handling of the above exception, another exception occurred:

Traceback (most recent call last):
  File "/__w/golioth-firmware-sdk/golioth-firmware-sdk/zephyr/scripts/pylib/pytest-twister-harness/src/twister_harness/device/hardware_adapter.py", line 145, in _connect_device
    self._serial_connection = serial.Serial(
                              ~~~~~~~~~~~~~^
        serial_name,
        ^^^^^^^^^^^^
    ...<4 lines>...
        timeout=self.base_timeout,
        ^^^^^^^^^^^^^^^^^^^^^^^^^^
    )
    ^
  File "/root/venv/lib/python3.13/site-packages/serial/serialutil.py", line 244, in __init__
    self.open()
    ~~~~~~~~~^^
  File "/root/venv/lib/python3.13/site-packages/serial/serialposix.py", line 325, in open
    raise SerialException(msg.errno, "could not open port {}: {}".format(self._port, msg))
serial.serialutil.SerialException: [Errno 2] could not open port /dev/serial/by-id/usb-ZEPHYR_RAK5010_Zephyr_A79B173FF273CE6E-if00: [Errno 2] No such file or directory: '/dev/serial/by-id/usb-ZEPHYR_RAK5010_Zephyr_A79B173FF273CE6E-if00'
DEBUG    twister_harness.device.hardware_adapter:hardware_adapter.py:143 Opening serial connection for /dev/serial/by-id/usb-ZEPHYR_RAK5010_Zephyr_A79B173FF273CE6E-if00
ERROR    twister_harness.device.hardware_adapter:hardware_adapter.py:154 Cannot open connection: [Errno 2] could not open port /dev/serial/by-id/usb-ZEPHYR_RAK5010_Zephyr_A79B173FF273CE6E-if00: [Errno 2] No such file or directory: '/dev/serial/by-id/usb-ZEPHYR_RAK5010_Zephyr_A79B173FF273CE6E-if00'
Traceback (most recent call last):
  File "/root/venv/lib/python3.13/site-packages/serial/serialposix.py", line 322, in open
    self.fd = os.open(self.portstr, os.O_RDWR | os.O_NOCTTY | os.O_NONBLOCK)
              ~~~~~~~^^^^^^^^^^^^^^^^^^^^^^^^^^^^^^^^^^^^^^^^^^^^^^^^^^^^^^^
FileNotFoundError: [Errno 2] No such file or directory: '/dev/serial/by-id/usb-ZEPHYR_RAK5010_Zephyr_A79B173FF273CE6E-if00'

During handling of the above exception, another exception occurred:

Traceback (most recent call last):
  File "/__w/golioth-firmware-sdk/golioth-firmware-sdk/zephyr/scripts/pylib/pytest-twister-harness/src/twister_harness/device/hardware_adapter.py", line 145, in _connect_device
    self._serial_connection = serial.Serial(
                              ~~~~~~~~~~~~~^
        serial_name,
        ^^^^^^^^^^^^
    ...<4 lines>...
        timeout=self.base_timeout,
        ^^^^^^^^^^^^^^^^^^^^^^^^^^
    )
    ^
  File "/root/venv/lib/python3.13/site-packages/serial/serialutil.py", line 244, in __init__
    self.open()
    ~~~~~~~~~^^
  File "/root/venv/lib/python3.13/site-packages/serial/serialposix.py", line 325, in open
    raise SerialException(msg.errno, "could not open port {}: {}".format(self._port, msg))
serial.serialutil.SerialException: [Errno 2] could not open port /dev/serial/by-id/usb-ZEPHYR_RAK5010_Zephyr_A79B173FF273CE6E-if00: [Errno 2] No such file or directory: '/dev/serial/by-id/usb-ZEPHYR_RAK5010_Zephyr_A79B173FF273CE6E-if00'
DEBUG    twister_harness.device.hardware_adapter:hardware_adapter.py:143 Opening serial connection for /dev/serial/by-id/usb-ZEPHYR_RAK5010_Zephyr_A79B173FF273CE6E-if00
ERROR    twister_harness.device.hardware_adapter:hardware_adapter.py:154 Cannot open connection: [Errno 2] could not open port /dev/serial/by-id/usb-ZEPHYR_RAK5010_Zephyr_A79B173FF273CE6E-if00: [Errno 2] No such file or directory: '/dev/serial/by-id/usb-ZEPHYR_RAK5010_Zephyr_A79B173FF273CE6E-if00'
Traceback (most recent call last):
  File "/root/venv/lib/python3.13/site-packages/serial/serialposix.py", line 322, in open
    self.fd = os.open(self.portstr, os.O_RDWR | os.O_NOCTTY | os.O_NONBLOCK)
              ~~~~~~~^^^^^^^^^^^^^^^^^^^^^^^^^^^^^^^^^^^^^^^^^^^^^^^^^^^^^^^
FileNotFoundError: [Errno 2] No such file or directory: '/dev/serial/by-id/usb-ZEPHYR_RAK5010_Zephyr_A79B173FF273CE6E-if00'

During handling of the above exception, another exception occurred:

Traceback (most recent call last):
  File "/__w/golioth-firmware-sdk/golioth-firmware-sdk/zephyr/scripts/pylib/pytest-twister-harness/src/twister_harness/device/hardware_adapter.py", line 145, in _connect_device
    self._serial_connection = serial.Serial(
                              ~~~~~~~~~~~~~^
        serial_name,
        ^^^^^^^^^^^^
    ...<4 lines>...
        timeout=self.base_timeout,
        ^^^^^^^^^^^^^^^^^^^^^^^^^^
    )
    ^
  File "/root/venv/lib/python3.13/site-packages/serial/serialutil.py", line 244, in __init__
    self.open()
    ~~~~~~~~~^^
  File "/root/venv/lib/python3.13/site-packages/serial/serialposix.py", line 325, in open
    raise SerialException(msg.errno, "could not open port {}: {}".format(self._port, msg))
serial.serialutil.SerialException: [Errno 2] could not open port /dev/serial/by-id/usb-ZEPHYR_RAK5010_Zephyr_A79B173FF273CE6E-if00: [Errno 2] No such file or directory: '/dev/serial/by-id/usb-ZEPHYR_RAK5010_Zephyr_A79B173FF273CE6E-if00'
DEBUG    twister_harness.device.hardware_adapter:hardware_adapter.py:143 Opening serial connection for /dev/serial/by-id/usb-ZEPHYR_RAK5010_Zephyr_A79B173FF273CE6E-if00
ERROR    twister_harness.device.hardware_adapter:hardware_adapter.py:154 Cannot open connection: [Errno 2] could not open port /dev/serial/by-id/usb-ZEPHYR_RAK5010_Zephyr_A79B173FF273CE6E-if00: [Errno 2] No such file or directory: '/dev/serial/by-id/usb-ZEPHYR_RAK5010_Zephyr_A79B173FF273CE6E-if00'
Traceback (most recent call last):
  File "/root/venv/lib/python3.13/site-packages/serial/serialposix.py", line 322, in open
    self.fd = os.open(self.portstr, os.O_RDWR | os.O_NOCTTY | os.O_NONBLOCK)
              ~~~~~~~^^^^^^^^^^^^^^^^^^^^^^^^^^^^^^^^^^^^^^^^^^^^^^^^^^^^^^^
FileNotFoundError: [Errno 2] No such file or directory: '/dev/serial/by-id/usb-ZEPHYR_RAK5010_Zephyr_A79B173FF273CE6E-if00'

During handling of the above exception, another exception occurred:

Traceback (most recent call last):
  File "/__w/golioth-firmware-sdk/golioth-firmware-sdk/zephyr/scripts/pylib/pytest-twister-harness/src/twister_harness/device/hardware_adapter.py", line 145, in _connect_device
    self._serial_connection = serial.Serial(
                              ~~~~~~~~~~~~~^
        serial_name,
        ^^^^^^^^^^^^
    ...<4 lines>...
        timeout=self.base_timeout,
        ^^^^^^^^^^^^^^^^^^^^^^^^^^
    )
    ^
  File "/root/venv/lib/python3.13/site-packages/serial/serialutil.py", line 244, in __init__
    self.open()
    ~~~~~~~~~^^
  File "/root/venv/lib/python3.13/site-packages/serial/serialposix.py", line 325, in open
    raise SerialException(msg.errno, "could not open port {}: {}".format(self._port, msg))
serial.serialutil.SerialException: [Errno 2] could not open port /dev/serial/by-id/usb-ZEPHYR_RAK5010_Zephyr_A79B173FF273CE6E-if00: [Errno 2] No such file or directory: '/dev/serial/by-id/usb-ZEPHYR_RAK5010_Zephyr_A79B173FF273CE6E-if00'
DEBUG    twister_harness.device.hardware_adapter:hardware_adapter.py:143 Opening serial connection for /dev/serial/by-id/usb-ZEPHYR_RAK5010_Zephyr_A79B173FF273CE6E-if00
DEBUG    twister_harness.helpers.utils:utils.py:22 Found matching key: CONFIG_SHELL_PROMPT_UART="uart:~$ "
INFO     twister_harness.fixtures:fixtures.py:78 Wait for prompt
DEBUG    twister_harness.helpers.shell:shell.py:49 Got prompt
DEBUG    httpcore.connection:_trace.py:87 connect_tcp.started host='api.golioth.io' port=443 local_address=None timeout=5.0 socket_options=None
DEBUG    httpcore.connection:_trace.py:87 connect_tcp.complete return_value=<httpcore._backends.trio.TrioStream object at 0xffff8ff46470>
DEBUG    httpcore.connection:_trace.py:87 start_tls.started ssl_context=<ssl.SSLContext object at 0xffff90025490> server_hostname='api.golioth.io' timeout=5.0
DEBUG    httpcore.connection:_trace.py:87 start_tls.complete return_value=<httpcore._backends.trio.TrioStream object at 0xffff8ff46580>
DEBUG    httpcore.http11:_trace.py:87 send_request_headers.started request=<Request [b'DELETE']>
DEBUG    httpcore.http11:_trace.py:87 send_request_headers.complete
DEBUG    httpcore.http11:_trace.py:87 send_request_body.started request=<Request [b'DELETE']>
DEBUG    httpcore.http11:_trace.py:87 send_request_body.complete
DEBUG    httpcore.http11:_trace.py:87 receive_response_headers.started request=<Request [b'DELETE']>
DEBUG    httpcore.http11:_trace.py:87 receive_response_headers.complete return_value=(b'HTTP/1.1', 200, b'OK', [(b'content-type', b'application/json'), (b'content-length', b'2'), (b'grpc-metadata-content-type', b'application/grpc'), (b'date', b'Tue, 21 Oct 2025 15:43:07 GMT'), (b'x-kong-upstream-latency', b'5'), (b'x-kong-proxy-latency', b'0'), (b'via', b'kong/2.5.2, 1.1 google')])
INFO     httpx:_client.py:1740 HTTP Request: DELETE https://api.golioth.io/v1/projects/firmware_ci/devices/68f7a9e4424cece3ad3e3280/data/counter "HTTP/1.1 200 OK"
DEBUG    httpcore.http11:_trace.py:87 receive_response_body.started request=<Request [b'DELETE']>
DEBUG    httpcore.http11:_trace.py:87 receive_response_body.complete
DEBUG    httpcore.http11:_trace.py:87 response_closed.started
DEBUG    httpcore.http11:_trace.py:87 response_closed.complete
DEBUG    httpcore.connection:_trace.py:87 close.started
DEBUG    httpcore.connection:_trace.py:87 close.complete
DEBUG    httpcore.connection:_trace.py:87 connect_tcp.started host='api.golioth.io' port=443 local_address=None timeout=5.0 socket_options=None
DEBUG    httpcore.connection:_trace.py:87 connect_tcp.complete return_value=<httpcore._backends.trio.TrioStream object at 0xffff900f2650>
DEBUG    httpcore.connection:_trace.py:87 start_tls.started ssl_context=<ssl.SSLContext object at 0xffff900df260> server_hostname='api.golioth.io' timeout=5.0
DEBUG    httpcore.connection:_trace.py:87 start_tls.complete return_value=<httpcore._backends.trio.TrioStream object at 0xffff900f2750>
DEBUG    httpcore.http11:_trace.py:87 send_request_headers.started request=<Request [b'GET']>
DEBUG    httpcore.http11:_trace.py:87 send_request_headers.complete
DEBUG    httpcore.http11:_trace.py:87 send_request_body.started request=<Request [b'GET']>
DEBUG    httpcore.http11:_trace.py:87 send_request_body.complete
DEBUG    httpcore.http11:_trace.py:87 receive_response_headers.started request=<Request [b'GET']>
DEBUG    httpcore.http11:_trace.py:87 receive_response_headers.complete return_value=(b'HTTP/1.1', 200, b'OK', [(b'content-type', b'application/json'), (b'content-length', b'203'), (b'access-control-expose-headers', b'Content-Range'), (b'content-range', b'credentials 0-1/1'), (b'grpc-metadata-access-control-expose-headers', b'Content-Range'), (b'grpc-metadata-content-type', b'application/grpc'), (b'date', b'Tue, 21 Oct 2025 15:43:09 GMT'), (b'x-kong-upstream-latency', b'61'), (b'x-kong-proxy-latency', b'0'), (b'via', b'kong/2.5.2, 1.1 google')])
INFO     httpx:_client.py:1740 HTTP Request: GET https://api.golioth.io/v1/projects/firmware_ci/devices/68f7a9e4424cece3ad3e3280/credentials "HTTP/1.1 200 OK"
DEBUG    httpcore.http11:_trace.py:87 receive_response_body.started request=<Request [b'GET']>
DEBUG    httpcore.http11:_trace.py:87 receive_response_body.complete
DEBUG    httpcore.http11:_trace.py:87 response_closed.started
DEBUG    httpcore.http11:_trace.py:87 response_closed.complete
DEBUG    httpcore.connection:_trace.py:87 close.started
DEBUG    httpcore.connection:_trace.py:87 close.complete
DEBUG    twister_harness.device.device_adapter:device_adapter.py:150 #: [1;32muart:~$ [msettings set golioth/psk-id generated-tkCqyvkQZsbBRBVa@firmware_ci
DEBUG    twister_harness.device.device_adapter:device_adapter.py:150 #: Setting golioth/psk-id to generated-tkCqyvkQZsbBRBVa@firmware_ci
DEBUG    twister_harness.device.device_adapter:device_adapter.py:150 #: Setting golioth/psk-id saved as generated-tkCqyvkQZsbBRBVa@firmware_ci
DEBUG    twister_harness.device.device_adapter:device_adapter.py:150 #: [1;32muart:~$ [m
DEBUG    twister_harness.device.device_adapter:device_adapter.py:150 #: [1;32muart:~$ [msettings set golioth/psk generated-tkCqyvkQZsbBRBVa
DEBUG    twister_harness.device.device_adapter:device_adapter.py:150 #: Setting golioth/psk to generated-tkCqyvkQZsbBRBVa
DEBUG    twister_harness.device.device_adapter:device_adapter.py:150 #: Setting golioth/psk saved as generated-tkCqyvkQZsbBRBVa
DEBUG    twister_harness.device.device_adapter:device_adapter.py:150 #: [1;32muart:~$ [m
DEBUG    twister_harness.device.device_adapter:device_adapter.py:150 #: [1;32muart:~$ [mwifi cred add -k 1 -s "***MIKES_ORANGE_PI_WIFI_SSID***" -p "***MIKES_ORANGE_PI_WIFI_PSK***"
DEBUG    twister_harness.device.device_adapter:device_adapter.py:150 #: [1;31mwifi: command not found
DEBUG    twister_harness.device.device_adapter:device_adapter.py:150 #: [m[1;32muart:~$ [m
DEBUG    twister_harness.device.device_adapter:device_adapter.py:150 #: [1;32muart:~$ [mwifi cred auto_connect
DEBUG    twister_harness.device.device_adapter:device_adapter.py:150 #: [1;31mwifi: command not found
DEBUG    twister_harness.device.device_adapter:device_adapter.py:150 #: [m[1;32muart:~$ [m
DEBUG    twister_harness.device.device_adapter:device_adapter.py:150 #: [1;32muart:~$ [m[8D[J[00:00:00.434,814] [0m<inf> fs_nvs: 8 Sectors of 4096 bytes[0m
DEBUG    twister_harness.device.device_adapter:device_adapter.py:150 #: [1;32muart:~$ [m[8D[J[00:00:00.434,814] [0m<inf> fs_nvs: alloc wra: 0, f68[0m
DEBUG    twister_harness.device.device_adapter:device_adapter.py:150 #: [1;32muart:~$ [m[8D[J[00:00:00.434,814] [0m<inf> fs_nvs: data wra: 0, 1bc[0m
DEBUG    twister_harness.device.device_adapter:device_adapter.py:150 #: [1;32muart:~$ [m[8D[J[00:00:00.434,906] [0m<inf> golioth_settings_autoload: Loading settings[0m
DEBUG    twister_harness.device.device_adapter:device_adapter.py:150 #: [1;32muart:~$ [m[8D[J[00:00:00.435,363] [0m<dbg> lightdb_get: main: Start LightDB get sample[0m
DEBUG    twister_harness.device.device_adapter:device_adapter.py:150 #: [1;32muart:~$ [m[8D[J[00:00:00.435,363] [0m<inf> golioth_samples: Bringing up network interface[0m
DEBUG    twister_harness.device.device_adapter:device_adapter.py:150 #: [1;32muart:~$ [m[8D[J[00:00:00.435,516] [0m<inf> golioth_samples: Waiting to obtain IP address[0m
DEBUG    twister_harness.device.device_adapter:device_adapter.py:150 #: [1;32muart:~$ [m[8D[J[00:00:21.929,077] [1;33m<wrn> modem_chat: quectel_bg95_init_chat_script: timed out[0m
DEBUG    twister_harness.device.device_adapter:device_adapter.py:150 #: [1;32muart:~$ [m[8D[J[1;32muart:~$ [m[8D[J[00:00:38.725,250] [0m<inf> golioth_mbox: Mbox created, bufsize: 1320, num_items: 10, item_size: 120[0m
DEBUG    twister_harness.device.device_adapter:device_adapter.py:150 #: [1;32muart:~$ [m[8D[J[1;32muart:~$ [m[8D[J[00:00:40.157,531] [0m<inf> golioth_coap_client_zephyr: Golioth CoAP client connected[0m
DEBUG    twister_harness.device.device_adapter:device_adapter.py:150 #: [1;32muart:~$ [m[8D[J[00:00:40.157,592] [0m<inf> lightdb_get: Before request (async)[0m
DEBUG    twister_harness.device.device_adapter:device_adapter.py:150 #: [1;32muart:~$ [m[8D[J[00:00:40.157,684] [0m<inf> lightdb_get: Golioth client connected[0m
DEBUG    twister_harness.device.device_adapter:device_adapter.py:150 #: [1;32muart:~$ [m[8D[J[00:00:40.158,020] [0m<inf> lightdb_get: After request (async)[0m
DEBUG    twister_harness.device.device_adapter:device_adapter.py:150 #: [1;32muart:~$ [m[8D[J[00:00:40.158,081] [0m<inf> golioth_coap_client_zephyr: Entering CoAP I/O loop[0m
DEBUG    twister_harness.device.device_adapter:device_adapter.py:150 #: [1;32muart:~$ [m[8D[J[1;32muart:~$ [m[8D[J[00:00:41.200,103] [1;33m<wrn> lightdb_get: Failed to get counter (async): 0[0m
DEBUG    httpcore.connection:_trace.py:87 connect_tcp.started host='api.golioth.io' port=443 local_address=None timeout=5.0 socket_options=None
DEBUG    httpcore.connection:_trace.py:87 connect_tcp.complete return_value=<httpcore._backends.trio.TrioStream object at 0xffff900b7110>
DEBUG    httpcore.connection:_trace.py:87 start_tls.started ssl_context=<ssl.SSLContext object at 0xffff900df890> server_hostname='api.golioth.io' timeout=5.0
DEBUG    httpcore.connection:_trace.py:87 start_tls.complete return_value=<httpcore._backends.trio.TrioStream object at 0xffff900b7200>
DEBUG    httpcore.http11:_trace.py:87 send_request_headers.started request=<Request [b'POST']>
DEBUG    httpcore.http11:_trace.py:87 send_request_headers.complete
DEBUG    httpcore.http11:_trace.py:87 send_request_body.started request=<Request [b'POST']>
DEBUG    httpcore.http11:_trace.py:87 send_request_body.complete
DEBUG    httpcore.http11:_trace.py:87 receive_response_headers.started request=<Request [b'POST']>
DEBUG    httpcore.http11:_trace.py:87 receive_response_headers.complete return_value=(b'HTTP/1.1', 200, b'OK', [(b'content-type', b'application/json'), (b'content-length', b'11'), (b'grpc-metadata-content-type', b'application/grpc'), (b'date', b'Tue, 21 Oct 2025 15:43:47 GMT'), (b'x-kong-upstream-latency', b'5'), (b'x-kong-proxy-latency', b'0'), (b'via', b'kong/2.5.2, 1.1 google')])
INFO     httpx:_client.py:1740 HTTP Request: POST https://api.golioth.io/v1/projects/firmware_ci/devices/68f7a9e4424cece3ad3e3280/data/counter "HTTP/1.1 200 OK"
DEBUG    httpcore.http11:_trace.py:87 receive_response_body.started request=<Request [b'POST']>
DEBUG    httpcore.http11:_trace.py:87 receive_response_body.complete
DEBUG    httpcore.http11:_trace.py:87 response_closed.started
DEBUG    httpcore.http11:_trace.py:87 response_closed.complete
DEBUG    httpcore.connection:_trace.py:87 close.started
DEBUG    httpcore.connection:_trace.py:87 close.complete
DEBUG    twister_harness.device.device_adapter:device_adapter.py:150 #: [1;32muart:~$ [m[8D[J[1;32muart:~$ [m[8D[J[00:00:45.158,111] [0m<inf> lightdb_get: Before request (sync)[0m
DEBUG    twister_harness.device.device_adapter:device_adapter.py:150 #: [1;32muart:~$ [m[8D[J[1;32muart:~$ [m[8D[J[00:00:47.387,390] [1;33m<wrn> golioth_zephyr_coap_req: 1 resends in last 10 seconds[0m
DEBUG    twister_harness.device.device_adapter:device_adapter.py:150 #: [1;32muart:~$ [m[8D[J[00:00:48.275,451] [0m<inf> lightdb_get: Counter (sync): 13[0m
DEBUG    httpcore.connection:_trace.py:87 connect_tcp.started host='api.golioth.io' port=443 local_address=None timeout=5.0 socket_options=None
DEBUG    httpcore.connection:_trace.py:87 connect_tcp.complete return_value=<httpcore._backends.trio.TrioStream object at 0xffff8ff1e7b0>
DEBUG    httpcore.connection:_trace.py:87 start_tls.started ssl_context=<ssl.SSLContext object at 0xffff900dfad0> server_hostname='api.golioth.io' timeout=5.0
DEBUG    httpcore.connection:_trace.py:87 start_tls.complete return_value=<httpcore._backends.trio.TrioStream object at 0xffff8ff1f690>
DEBUG    httpcore.http11:_trace.py:87 send_request_headers.started request=<Request [b'POST']>
DEBUG    httpcore.http11:_trace.py:87 send_request_headers.complete
DEBUG    httpcore.http11:_trace.py:87 send_request_body.started request=<Request [b'POST']>
DEBUG    httpcore.http11:_trace.py:87 send_request_body.complete
DEBUG    httpcore.http11:_trace.py:87 receive_response_headers.started request=<Request [b'POST']>
DEBUG    httpcore.http11:_trace.py:87 receive_response_headers.complete return_value=(b'HTTP/1.1', 200, b'OK', [(b'content-type', b'application/json'), (b'content-length', b'11'), (b'grpc-metadata-content-type', b'application/grpc'), (b'date', b'Tue, 21 Oct 2025 15:43:54 GMT'), (b'x-kong-upstream-latency', b'305'), (b'x-kong-proxy-latency', b'0'), (b'via', b'kong/2.5.2, 1.1 google')])
INFO     httpx:_client.py:1740 HTTP Request: POST https://api.golioth.io/v1/projects/firmware_ci/devices/68f7a9e4424cece3ad3e3280/data/counter "HTTP/1.1 200 OK"
DEBUG    httpcore.http11:_trace.py:87 receive_response_body.started request=<Request [b'POST']>
DEBUG    httpcore.http11:_trace.py:87 receive_response_body.complete
DEBUG    httpcore.http11:_trace.py:87 response_closed.started
DEBUG    httpcore.http11:_trace.py:87 response_closed.complete
DEBUG    httpcore.connection:_trace.py:87 close.started
DEBUG    httpcore.connection:_trace.py:87 close.complete
DEBUG    twister_harness.device.device_adapter:device_adapter.py:150 #: [1;32muart:~$ [m[8D[J[00:00:48.275,451] [0m<inf> lightdb_get: After request (sync)[0m
DEBUG    twister_harness.device.device_adapter:device_adapter.py:150 #: [1;32muart:~$ [m[8D[J[1;32muart:~$ [m[8D[J[00:00:53.275,543] [0m<inf> lightdb_get: Before JSON request (sync)[0m
DEBUG    twister_harness.device.device_adapter:device_adapter.py:150 #: [1;32muart:~$ [m[8D[J[1;32muart:~$ [m[8D[J[00:00:57.518,218] [0m<inf> lightdb_get: LightDB JSON (sync)
DEBUG    twister_harness.device.device_adapter:device_adapter.py:150 #:                                       7b 22 63 6f 75 6e 74 65  72 22 3a 32 37 7d       |{"counte r":27}  [0m
DEBUG    httpcore.connection:_trace.py:87 connect_tcp.started host='api.golioth.io' port=443 local_address=None timeout=5.0 socket_options=None
DEBUG    httpcore.connection:_trace.py:87 connect_tcp.complete return_value=<httpcore._backends.trio.TrioStream object at 0xffff900f9bf0>
DEBUG    httpcore.connection:_trace.py:87 start_tls.started ssl_context=<ssl.SSLContext object at 0xffff900dff50> server_hostname='api.golioth.io' timeout=5.0
DEBUG    httpcore.connection:_trace.py:87 start_tls.complete return_value=<httpcore._backends.trio.TrioStream object at 0xffff90206090>
DEBUG    httpcore.http11:_trace.py:87 send_request_headers.started request=<Request [b'POST']>
DEBUG    httpcore.http11:_trace.py:87 send_request_headers.complete
DEBUG    httpcore.http11:_trace.py:87 send_request_body.started request=<Request [b'POST']>
DEBUG    httpcore.http11:_trace.py:87 send_request_body.complete
DEBUG    httpcore.http11:_trace.py:87 receive_response_headers.started request=<Request [b'POST']>
DEBUG    httpcore.http11:_trace.py:87 receive_response_headers.complete return_value=(b'HTTP/1.1', 200, b'OK', [(b'content-type', b'application/json'), (b'content-length', b'11'), (b'grpc-metadata-content-type', b'application/grpc'), (b'date', b'Tue, 21 Oct 2025 15:44:04 GMT'), (b'x-kong-upstream-latency', b'22'), (b'x-kong-proxy-latency', b'0'), (b'via', b'kong/2.5.2, 1.1 google')])
INFO     httpx:_client.py:1740 HTTP Request: POST https://api.golioth.io/v1/projects/firmware_ci/devices/68f7a9e4424cece3ad3e3280/data/counter "HTTP/1.1 200 OK"
DEBUG    httpcore.http11:_trace.py:87 receive_response_body.started request=<Request [b'POST']>
DEBUG    httpcore.http11:_trace.py:87 receive_response_body.complete
DEBUG    httpcore.http11:_trace.py:87 response_closed.started
DEBUG    httpcore.http11:_trace.py:87 response_closed.complete
DEBUG    httpcore.connection:_trace.py:87 close.started
DEBUG    httpcore.connection:_trace.py:87 close.complete
DEBUG    twister_harness.device.device_adapter:device_adapter.py:150 #: [1;32muart:~$ [m[8D[J[00:00:57.518,249] [0m<inf> lightdb_get: After JSON request (sync)[0m
DEBUG    twister_harness.device.device_adapter:device_adapter.py:150 #: [1;32muart:~$ [m[8D[J[1;32muart:~$ [m[8D[J[00:01:02.518,310] [0m<inf> lightdb_get: Before CBOR request (async)[0m
DEBUG    twister_harness.device.device_adapter:device_adapter.py:150 #: [1;32muart:~$ [m[8D[J[00:01:02.518,432] [0m<inf> lightdb_get: After CBOR request (async)[0m
DEBUG    twister_harness.device.device_adapter:device_adapter.py:150 #: [1;32muart:~$ [m[8D[J[00:01:02.520,294] [1;33m<wrn> golioth_zephyr_coap_req: 1 resends in last 10 seconds[0m
DEBUG    twister_harness.device.device_adapter:device_adapter.py:150 #: [1;32muart:~$ [m[8D[J[00:01:03.146,850] [0m<inf> lightdb_get: Counter (CBOR async): 99[0m
DEBUG    httpcore.connection:_trace.py:87 connect_tcp.started host='api.golioth.io' port=443 local_address=None timeout=5.0 socket_options=None
DEBUG    httpcore.connection:_trace.py:87 connect_tcp.complete return_value=<httpcore._backends.trio.TrioStream object at 0xffff90206390>
DEBUG    httpcore.connection:_trace.py:87 start_tls.started ssl_context=<ssl.SSLContext object at 0xffff8ff9c290> server_hostname='api.golioth.io' timeout=5.0
DEBUG    httpcore.connection:_trace.py:87 start_tls.complete return_value=<httpcore._backends.trio.TrioStream object at 0xffff900b1650>
DEBUG    httpcore.http11:_trace.py:87 send_request_headers.started request=<Request [b'POST']>
DEBUG    httpcore.http11:_trace.py:87 send_request_headers.complete
DEBUG    httpcore.http11:_trace.py:87 send_request_body.started request=<Request [b'POST']>
DEBUG    httpcore.http11:_trace.py:87 send_request_body.complete
DEBUG    httpcore.http11:_trace.py:87 receive_response_headers.started request=<Request [b'POST']>
DEBUG    httpcore.http11:_trace.py:87 receive_response_headers.complete return_value=(b'HTTP/1.1', 200, b'OK', [(b'content-type', b'application/json'), (b'content-length', b'11'), (b'grpc-metadata-content-type', b'application/grpc'), (b'date', b'Tue, 21 Oct 2025 15:44:09 GMT'), (b'x-kong-upstream-latency', b'6'), (b'x-kong-proxy-latency', b'0'), (b'via', b'kong/2.5.2, 1.1 google')])
INFO     httpx:_client.py:1740 HTTP Request: POST https://api.golioth.io/v1/projects/firmware_ci/devices/68f7a9e4424cece3ad3e3280/data/counter "HTTP/1.1 200 OK"
DEBUG    httpcore.http11:_trace.py:87 receive_response_body.started request=<Request [b'POST']>
DEBUG    httpcore.http11:_trace.py:87 receive_response_body.complete
DEBUG    httpcore.http11:_trace.py:87 response_closed.started
DEBUG    httpcore.http11:_trace.py:87 response_closed.complete
DEBUG    httpcore.connection:_trace.py:87 close.started
DEBUG    httpcore.connection:_trace.py:87 close.complete
DEBUG    twister_harness.device.device_adapter:device_adapter.py:150 #: [1;32muart:~$ [m[8D[J[1;32muart:~$ [m[8D[J[00:01:07.518,524] [0m<inf> lightdb_get: Before request (async)[0m
DEBUG    twister_harness.device.device_adapter:device_adapter.py:150 #: [1;32muart:~$ [m[8D[J[00:01:07.518,646] [0m<inf> lightdb_get: After request (async)[0m
DEBUG    twister_harness.device.device_adapter:device_adapter.py:150 #: [1;32muart:~$ [m[8D[J[1;32muart:~$ [m[8D[J[00:01:10.597,961] [0m<inf> lightdb_get: Counter (async): 42[0m
DEBUG    twister_harness.device.hardware_adapter:hardware_adapter.py:190 Closed serial connection for /dev/serial/by-id/usb-ZEPHYR_RAK5010_Zephyr_A79B173FF273CE6E-if00
DEBUG    httpcore.connection:_trace.py:87 connect_tcp.started host='api.golioth.io' port=443 local_address=None timeout=5.0 socket_options=None
DEBUG    httpcore.connection:_trace.py:87 connect_tcp.complete return_value=<httpcore._backends.trio.TrioStream object at 0xffff900b15a0>
DEBUG    httpcore.connection:_trace.py:87 start_tls.started ssl_context=<ssl.SSLContext object at 0xffff90025520> server_hostname='api.golioth.io' timeout=5.0
DEBUG    httpcore.connection:_trace.py:87 start_tls.complete return_value=<httpcore._backends.trio.TrioStream object at 0xffff8ff80d70>
DEBUG    httpcore.http11:_trace.py:87 send_request_headers.started request=<Request [b'DELETE']>
DEBUG    httpcore.http11:_trace.py:87 send_request_headers.complete
DEBUG    httpcore.http11:_trace.py:87 send_request_body.started request=<Request [b'DELETE']>
DEBUG    httpcore.http11:_trace.py:87 send_request_body.complete
DEBUG    httpcore.http11:_trace.py:87 receive_response_headers.started request=<Request [b'DELETE']>
DEBUG    httpcore.http11:_trace.py:87 receive_response_headers.complete return_value=(b'HTTP/1.1', 200, b'OK', [(b'content-type', b'application/json'), (b'content-length', b'2'), (b'grpc-metadata-content-type', b'application/grpc'), (b'date', b'Tue, 21 Oct 2025 15:44:17 GMT'), (b'x-kong-upstream-latency', b'45'), (b'x-kong-proxy-latency', b'0'), (b'via', b'kong/2.5.2, 1.1 google')])
INFO     httpx:_client.py:1740 HTTP Request: DELETE https://api.golioth.io/v1/projects/firmware_ci/devices/68f7a9e4424cece3ad3e3280 "HTTP/1.1 200 OK"
DEBUG    httpcore.http11:_trace.py:87 receive_response_body.started request=<Request [b'DELETE']>
DEBUG    httpcore.http11:_trace.py:87 receive_response_body.complete
DEBUG    httpcore.http11:_trace.py:87 response_closed.started
DEBUG    httpcore.http11:_trace.py:87 response_closed.complete
DEBUG    httpcore.connection:_trace.py:87 close.started
DEBUG    httpcore.connection:_trace.py:87 close.complete