{"uid":"4f51e441e7610392","name":"test_rpc","fullName":"examples.esp_idf.rpc.pytest.test_sample#test_rpc","historyId":"8135666b0975c62ea08a9de3876f2df7","time":{"start":1759516337195,"stop":1759516337195,"duration":0},"status":"broken","statusMessage":"SystemExit: 2","statusTrace":"self = AddrFilenamePairAction(option_strings=[], dest='addr_filename', nargs='+', const=None, default=None, type=None, choice...True, help='Address followed by binary filename, separated by space', metavar='<address> <filename>', deprecated=False)\nparser = ArgumentParser(prog='esptool write_flash', usage=None, description=None, formatter_class=<class 'argparse.HelpFormatter'>, conflict_handler='error', add_help=True)\nnamespace = Namespace(addr_filename=None, erase_all=True, flash_freq='keep', flash_mode='keep', flash_size='keep', spi_connection=...=False, encrypt_files=None, ignore_flash_encryption_efuse_setting=False, force=False, compress=None, no_compress=False)\nvalues = ['0', 'rpc.bin'], option_string = None\n\n    def __call__(self, parser, namespace, values, option_string=None):\n        # validate pair arguments\n        pairs = []\n        for i in range(0, len(values), 2):\n            try:\n                address = int(values[i], 0)\n            except ValueError:\n                raise argparse.ArgumentError(\n                    self, 'Address \"%s\" must be a number' % values[i]\n                )\n            try:\n>               argfile = open(values[i + 1], \"rb\")\n                          ^^^^^^^^^^^^^^^^^^^^^^^^^\nE               FileNotFoundError: [Errno 2] No such file or directory: 'rpc.bin'\n\n/root/venv/lib/python3.13/site-packages/esptool/__init__.py:1324: FileNotFoundError\n\nDuring handling of the above exception, another exception occurred:\n\nself = ArgumentParser(prog='esptool write_flash', usage=None, description=None, formatter_class=<class 'argparse.HelpFormatter'>, conflict_handler='error', add_help=True)\nargs = ['-e', '0', 'rpc.bin']\nnamespace = Namespace(addr_filename=None, erase_all=True, flash_freq='keep', flash_mode='keep', flash_size='keep', spi_connection=...=False, encrypt_files=None, ignore_flash_encryption_efuse_setting=False, force=False, compress=None, no_compress=False)\nintermixed = False\n\n    def _parse_known_args2(self, args, namespace, intermixed):\n        if args is None:\n            # args default to the system args\n            args = _sys.argv[1:]\n        else:\n            # make sure that args are mutable\n            args = list(args)\n    \n        # default Namespace built from parser defaults\n        if namespace is None:\n            namespace = Namespace()\n    \n        # add any action defaults that aren't present\n        for action in self._actions:\n            if action.dest is not SUPPRESS:\n                if not hasattr(namespace, action.dest):\n                    if action.default is not SUPPRESS:\n                        setattr(namespace, action.dest, action.default)\n    \n        # add any parser defaults that aren't present\n        for dest in self._defaults:\n            if not hasattr(namespace, dest):\n                setattr(namespace, dest, self._defaults[dest])\n    \n        # parse the arguments and exit if there are any errors\n        if self.exit_on_error:\n            try:\n>               namespace, args = self._parse_known_args(args, namespace, intermixed)\n                                  ^^^^^^^^^^^^^^^^^^^^^^^^^^^^^^^^^^^^^^^^^^^^^^^^^^^\n\n/usr/cpython-3.13.5-linux-aarch64-gnu/lib/python3.13/argparse.py:1937: \n_ _ _ _ _ _ _ _ _ _ _ _ _ _ _ _ _ _ _ _ _ _ _ _ _ _ _ _ _ _ _ _ _ _ _ _ _ _ _ _ \n/usr/cpython-3.13.5-linux-aarch64-gnu/lib/python3.13/argparse.py:2192: in _parse_known_args\n    stop_index = consume_positionals(start_index)\n                 ^^^^^^^^^^^^^^^^^^^^^^^^^^^^^^^^\n/usr/cpython-3.13.5-linux-aarch64-gnu/lib/python3.13/argparse.py:2144: in consume_positionals\n    take_action(action, args)\n/usr/cpython-3.13.5-linux-aarch64-gnu/lib/python3.13/argparse.py:2013: in take_action\n    action(self, namespace, argument_values, option_string)\n_ _ _ _ _ _ _ _ _ _ _ _ _ _ _ _ _ _ _ _ _ _ _ _ _ _ _ _ _ _ _ _ _ _ _ _ _ _ _ _ \n\nself = AddrFilenamePairAction(option_strings=[], dest='addr_filename', nargs='+', const=None, default=None, type=None, choice...True, help='Address followed by binary filename, separated by space', metavar='<address> <filename>', deprecated=False)\nparser = ArgumentParser(prog='esptool write_flash', usage=None, description=None, formatter_class=<class 'argparse.HelpFormatter'>, conflict_handler='error', add_help=True)\nnamespace = Namespace(addr_filename=None, erase_all=True, flash_freq='keep', flash_mode='keep', flash_size='keep', spi_connection=...=False, encrypt_files=None, ignore_flash_encryption_efuse_setting=False, force=False, compress=None, no_compress=False)\nvalues = ['0', 'rpc.bin'], option_string = None\n\n    def __call__(self, parser, namespace, values, option_string=None):\n        # validate pair arguments\n        pairs = []\n        for i in range(0, len(values), 2):\n            try:\n                address = int(values[i], 0)\n            except ValueError:\n                raise argparse.ArgumentError(\n                    self, 'Address \"%s\" must be a number' % values[i]\n                )\n            try:\n                argfile = open(values[i + 1], \"rb\")\n            except IOError as e:\n>               raise argparse.ArgumentError(self, e)\nE               argparse.ArgumentError: argument <address> <filename>: [Errno 2] No such file or directory: 'rpc.bin'\n\n/root/venv/lib/python3.13/site-packages/esptool/__init__.py:1326: ArgumentError\n\nDuring handling of the above exception, another exception occurred:\n\nitem = <Function test_rpc>\n\n    @pytest.hookimpl(wrapper=True)\n    def pytest_runtest_setup(item):\n        board_name = item.config.getoption(\"--allure-board\") or item.config.getoption(\"--board\")\n        allure_platform_name = item.config.getoption(\"--allure-platform\")\n        suitename = item.config.getoption(\"--custom-suitename\") or \"hil\"\n    \n        allure.dynamic.tag(board_name)\n        allure.dynamic.tag(allure_platform_name)\n        allure.dynamic.parameter(\"board_name\", board_name)\n        allure.dynamic.parameter(\"platform_name\", allure_platform_name)\n        allure.dynamic.parent_suite(f\"{suitename}.{allure_platform_name}.{board_name}\")\n    \n        if runner_name is not None:\n            allure.dynamic.tag(item.config.getoption(\"--runner-name\"))\n    \n>       yield\n\n/root/venv/lib/python3.13/site-packages/pytest_hil/plugin.py:145: \n_ _ _ _ _ _ _ _ _ _ _ _ _ _ _ _ _ _ _ _ _ _ _ _ _ _ _ _ _ _ _ _ _ _ _ _ _ _ _ _ \n/root/venv/lib/python3.13/site-packages/anyio/pytest_plugin.py:98: in wrapper\n    yield from runner.run_asyncgen_fixture(local_func, kwargs)\n/root/venv/lib/python3.13/site-packages/anyio/_backends/_trio.py:948: in run_asyncgen_fixture\n    fixturevalue: T_Retval = self._call_in_runner_task(asyncgen.asend, None)\n                             ^^^^^^^^^^^^^^^^^^^^^^^^^^^^^^^^^^^^^^^^^^^^^^^\n/root/venv/lib/python3.13/site-packages/anyio/_backends/_trio.py:940: in _call_in_runner_task\n    return outcome_holder[0].unwrap()\n           ^^^^^^^^^^^^^^^^^^^^^^^^^^\n/root/venv/lib/python3.13/site-packages/outcome/_impl.py:213: in unwrap\n    raise captured_error\n/root/venv/lib/python3.13/site-packages/anyio/_backends/_trio.py:910: in _run_tests_and_fixtures\n    retval = await coro\n             ^^^^^^^^^^\n/root/venv/lib/python3.13/site-packages/pytest_hil/plugin.py:127: in board\n    async with board.started():\n               ^^^^^^^^^^^^^^^\n/usr/cpython-3.13.5-linux-aarch64-gnu/lib/python3.13/contextlib.py:214: in __aenter__\n    return await anext(self.gen)\n           ^^^^^^^^^^^^^^^^^^^^^\n/root/venv/lib/python3.13/site-packages/pytest_hil/board.py:28: in started\n    self.program(self.fw_image)\n/root/venv/lib/python3.13/site-packages/pytest_hil/espboard.py:19: in program\n    esptool.main(cmd)\n/root/venv/lib/python3.13/site-packages/esptool/__init__.py:727: in main\n    args = parser.parse_args(argv)\n           ^^^^^^^^^^^^^^^^^^^^^^^\n/usr/cpython-3.13.5-linux-aarch64-gnu/lib/python3.13/argparse.py:1898: in parse_args\n    args, argv = self.parse_known_args(args, namespace)\n                 ^^^^^^^^^^^^^^^^^^^^^^^^^^^^^^^^^^^^^^\n/usr/cpython-3.13.5-linux-aarch64-gnu/lib/python3.13/argparse.py:1908: in parse_known_args\n    return self._parse_known_args2(args, namespace, intermixed=False)\n           ^^^^^^^^^^^^^^^^^^^^^^^^^^^^^^^^^^^^^^^^^^^^^^^^^^^^^^^^^^\n/usr/cpython-3.13.5-linux-aarch64-gnu/lib/python3.13/argparse.py:1937: in _parse_known_args2\n    namespace, args = self._parse_known_args(args, namespace, intermixed)\n                      ^^^^^^^^^^^^^^^^^^^^^^^^^^^^^^^^^^^^^^^^^^^^^^^^^^^\n/usr/cpython-3.13.5-linux-aarch64-gnu/lib/python3.13/argparse.py:2169: in _parse_known_args\n    positionals_end_index = consume_positionals(start_index)\n                            ^^^^^^^^^^^^^^^^^^^^^^^^^^^^^^^^\n/usr/cpython-3.13.5-linux-aarch64-gnu/lib/python3.13/argparse.py:2144: in consume_positionals\n    take_action(action, args)\n/usr/cpython-3.13.5-linux-aarch64-gnu/lib/python3.13/argparse.py:2013: in take_action\n    action(self, namespace, argument_values, option_string)\n/usr/cpython-3.13.5-linux-aarch64-gnu/lib/python3.13/argparse.py:1258: in __call__\n    subnamespace, arg_strings = subparser.parse_known_args(arg_strings, None)\n                                ^^^^^^^^^^^^^^^^^^^^^^^^^^^^^^^^^^^^^^^^^^^^^\n/usr/cpython-3.13.5-linux-aarch64-gnu/lib/python3.13/argparse.py:1908: in parse_known_args\n    return self._parse_known_args2(args, namespace, intermixed=False)\n           ^^^^^^^^^^^^^^^^^^^^^^^^^^^^^^^^^^^^^^^^^^^^^^^^^^^^^^^^^^\n/usr/cpython-3.13.5-linux-aarch64-gnu/lib/python3.13/argparse.py:1939: in _parse_known_args2\n    self.error(str(err))\n/usr/cpython-3.13.5-linux-aarch64-gnu/lib/python3.13/argparse.py:2658: in error\n    self.exit(2, _('%(prog)s: error: %(message)s\\n') % args)\n_ _ _ _ _ _ _ _ _ _ _ _ _ _ _ _ _ _ _ _ _ _ _ _ _ _ _ _ _ _ _ _ _ _ _ _ _ _ _ _ \n\nself = ArgumentParser(prog='esptool write_flash', usage=None, description=None, formatter_class=<class 'argparse.HelpFormatter'>, conflict_handler='error', add_help=True)\nstatus = 2\nmessage = \"esptool write_flash: error: argument <address> <filename>: [Errno 2] No such file or directory: 'rpc.bin'\\n\"\n\n    def exit(self, status=0, message=None):\n        if message:\n            self._print_message(message, _sys.stderr)\n>       _sys.exit(status)\nE       SystemExit: 2\n\n/usr/cpython-3.13.5-linux-aarch64-gnu/lib/python3.13/argparse.py:2645: SystemExit","flaky":false,"newFailed":false,"newBroken":false,"newPassed":false,"retriesCount":0,"retriesStatusChange":false,"beforeStages":[{"name":"anyio_backend","time":{"start":1759516337199,"stop":1759516337200,"duration":1},"status":"passed","steps":[],"attachments":[],"parameters":[],"shouldDisplayMessage":false,"stepsCount":0,"attachmentsCount":0,"hasContent":false,"attachmentStep":false},{"name":"baud","time":{"start":1759516337200,"stop":1759516337201,"duration":1},"status":"passed","steps":[],"attachments":[],"parameters":[],"shouldDisplayMessage":false,"stepsCount":0,"attachmentsCount":0,"hasContent":false,"attachmentStep":false},{"name":"wifi_ssid","time":{"start":1759516337201,"stop":1759516337201,"duration":0},"status":"passed","steps":[],"attachments":[],"parameters":[],"shouldDisplayMessage":false,"stepsCount":0,"attachmentsCount":0,"hasContent":false,"attachmentStep":false},{"name":"device_name","time":{"start":1759516337202,"stop":1759516337203,"duration":1},"status":"passed","steps":[],"attachments":[],"parameters":[],"shouldDisplayMessage":false,"stepsCount":0,"attachmentsCount":0,"hasContent":false,"attachmentStep":false},{"name":"wifi_psk","time":{"start":1759516337202,"stop":1759516337202,"duration":0},"status":"passed","steps":[],"attachments":[],"parameters":[],"shouldDisplayMessage":false,"stepsCount":0,"attachmentsCount":0,"hasContent":false,"attachmentStep":false},{"name":"api_key","time":{"start":1759516337203,"stop":1759516337203,"duration":0},"status":"passed","steps":[],"attachments":[],"parameters":[],"shouldDisplayMessage":false,"stepsCount":0,"attachmentsCount":0,"hasContent":false,"attachmentStep":false},{"name":"api_url","time":{"start":1759516337204,"stop":1759516337204,"duration":0},"status":"passed","steps":[],"attachments":[],"parameters":[],"shouldDisplayMessage":false,"stepsCount":0,"attachmentsCount":0,"hasContent":false,"attachmentStep":false},{"name":"board","time":{"start":1759516337204,"stop":1759516337288,"duration":84},"status":"broken","statusMessage":"SystemExit: 2\n","statusTrace":"  File \"/root/venv/lib/python3.13/site-packages/pluggy/_callers.py\", line 38, in run_old_style_hookwrapper\n    res = yield\n          ^^^^^\n  File \"/root/venv/lib/python3.13/site-packages/pluggy/_callers.py\", line 139, in _multicall\n    teardown.throw(exception)\n    ~~~~~~~~~~~~~~^^^^^^^^^^^\n  File \"/root/venv/lib/python3.13/site-packages/pluggy/_callers.py\", line 53, in run_old_style_hookwrapper\n    return result.get_result()\n           ~~~~~~~~~~~~~~~~~^^\n  File \"/root/venv/lib/python3.13/site-packages/pluggy/_result.py\", line 103, in get_result\n    raise exc.with_traceback(tb)\n  File \"/root/venv/lib/python3.13/site-packages/pluggy/_callers.py\", line 38, in run_old_style_hookwrapper\n    res = yield\n          ^^^^^\n  File \"/root/venv/lib/python3.13/site-packages/pluggy/_callers.py\", line 139, in _multicall\n    teardown.throw(exception)\n    ~~~~~~~~~~~~~~^^^^^^^^^^^\n  File \"/root/venv/lib/python3.13/site-packages/_pytest/setuponly.py\", line 36, in pytest_fixture_setup\n    return (yield)\n            ^^^^^\n  File \"/root/venv/lib/python3.13/site-packages/pluggy/_callers.py\", line 121, in _multicall\n    res = hook_impl.function(*args)\n  File \"/root/venv/lib/python3.13/site-packages/_pytest/fixtures.py\", line 1195, in pytest_fixture_setup\n    result = call_fixture_func(fixturefunc, request, kwargs)\n  File \"/root/venv/lib/python3.13/site-packages/_pytest/fixtures.py\", line 922, in call_fixture_func\n    fixture_result = next(generator)\n  File \"/root/venv/lib/python3.13/site-packages/anyio/pytest_plugin.py\", line 98, in wrapper\n    yield from runner.run_asyncgen_fixture(local_func, kwargs)\n  File \"/root/venv/lib/python3.13/site-packages/anyio/_backends/_trio.py\", line 948, in run_asyncgen_fixture\n    fixturevalue: T_Retval = self._call_in_runner_task(asyncgen.asend, None)\n                             ~~~~~~~~~~~~~~~~~~~~~~~~~^^^^^^^^^^^^^^^^^^^^^^\n  File \"/root/venv/lib/python3.13/site-packages/anyio/_backends/_trio.py\", line 940, in _call_in_runner_task\n    return outcome_holder[0].unwrap()\n           ~~~~~~~~~~~~~~~~~~~~~~~~^^\n  File \"/root/venv/lib/python3.13/site-packages/outcome/_impl.py\", line 213, in unwrap\n    raise captured_error\n  File \"/root/venv/lib/python3.13/site-packages/anyio/_backends/_trio.py\", line 910, in _run_tests_and_fixtures\n    retval = await coro\n             ^^^^^^^^^^\n  File \"/root/venv/lib/python3.13/site-packages/pytest_hil/plugin.py\", line 127, in board\n    async with board.started():\n               ~~~~~~~~~~~~~^^\n  File \"/usr/cpython-3.13.5-linux-aarch64-gnu/lib/python3.13/contextlib.py\", line 214, in __aenter__\n    return await anext(self.gen)\n           ^^^^^^^^^^^^^^^^^^^^^\n  File \"/root/venv/lib/python3.13/site-packages/pytest_hil/board.py\", line 28, in started\n    self.program(self.fw_image)\n    ~~~~~~~~~~~~^^^^^^^^^^^^^^^\n  File \"/root/venv/lib/python3.13/site-packages/pytest_hil/espboard.py\", line 19, in program\n    esptool.main(cmd)\n    ~~~~~~~~~~~~^^^^^\n  File \"/root/venv/lib/python3.13/site-packages/esptool/__init__.py\", line 727, in main\n    args = parser.parse_args(argv)\n  File \"/usr/cpython-3.13.5-linux-aarch64-gnu/lib/python3.13/argparse.py\", line 1898, in parse_args\n    args, argv = self.parse_known_args(args, namespace)\n                 ~~~~~~~~~~~~~~~~~~~~~^^^^^^^^^^^^^^^^^\n  File \"/usr/cpython-3.13.5-linux-aarch64-gnu/lib/python3.13/argparse.py\", line 1908, in parse_known_args\n    return self._parse_known_args2(args, namespace, intermixed=False)\n           ~~~~~~~~~~~~~~~~~~~~~~~^^^^^^^^^^^^^^^^^^^^^^^^^^^^^^^^^^^\n  File \"/usr/cpython-3.13.5-linux-aarch64-gnu/lib/python3.13/argparse.py\", line 1937, in _parse_known_args2\n    namespace, args = self._parse_known_args(args, namespace, intermixed)\n                      ~~~~~~~~~~~~~~~~~~~~~~^^^^^^^^^^^^^^^^^^^^^^^^^^^^^\n  File \"/usr/cpython-3.13.5-linux-aarch64-gnu/lib/python3.13/argparse.py\", line 2169, in _parse_known_args\n    positionals_end_index = consume_positionals(start_index)\n  File \"/usr/cpython-3.13.5-linux-aarch64-gnu/lib/python3.13/argparse.py\", line 2144, in consume_positionals\n    take_action(action, args)\n    ~~~~~~~~~~~^^^^^^^^^^^^^^\n  File \"/usr/cpython-3.13.5-linux-aarch64-gnu/lib/python3.13/argparse.py\", line 2013, in take_action\n    action(self, namespace, argument_values, option_string)\n    ~~~~~~^^^^^^^^^^^^^^^^^^^^^^^^^^^^^^^^^^^^^^^^^^^^^^^^^\n  File \"/usr/cpython-3.13.5-linux-aarch64-gnu/lib/python3.13/argparse.py\", line 1258, in __call__\n    subnamespace, arg_strings = subparser.parse_known_args(arg_strings, None)\n                                ~~~~~~~~~~~~~~~~~~~~~~~~~~^^^^^^^^^^^^^^^^^^^\n  File \"/usr/cpython-3.13.5-linux-aarch64-gnu/lib/python3.13/argparse.py\", line 1908, in parse_known_args\n    return self._parse_known_args2(args, namespace, intermixed=False)\n           ~~~~~~~~~~~~~~~~~~~~~~~^^^^^^^^^^^^^^^^^^^^^^^^^^^^^^^^^^^\n  File \"/usr/cpython-3.13.5-linux-aarch64-gnu/lib/python3.13/argparse.py\", line 1939, in _parse_known_args2\n    self.error(str(err))\n    ~~~~~~~~~~^^^^^^^^^^\n  File \"/usr/cpython-3.13.5-linux-aarch64-gnu/lib/python3.13/argparse.py\", line 2658, in error\n    self.exit(2, _('%(prog)s: error: %(message)s\\n') % args)\n    ~~~~~~~~~^^^^^^^^^^^^^^^^^^^^^^^^^^^^^^^^^^^^^^^^^^^^^^^\n  File \"/usr/cpython-3.13.5-linux-aarch64-gnu/lib/python3.13/argparse.py\", line 2645, in exit\n    _sys.exit(status)\n    ~~~~~~~~~^^^^^^^^\n","steps":[],"attachments":[],"parameters":[],"shouldDisplayMessage":true,"stepsCount":0,"attachmentsCount":0,"hasContent":true,"attachmentStep":false},{"name":"board_name","time":{"start":1759516337241,"stop":1759516337242,"duration":1},"status":"passed","steps":[],"attachments":[],"parameters":[],"shouldDisplayMessage":false,"stepsCount":0,"attachmentsCount":0,"hasContent":false,"attachmentStep":false},{"name":"port","time":{"start":1759516337242,"stop":1759516337242,"duration":0},"status":"passed","steps":[],"attachments":[],"parameters":[],"shouldDisplayMessage":false,"stepsCount":0,"attachmentsCount":0,"hasContent":false,"attachmentStep":false},{"name":"fw_image","time":{"start":1759516337243,"stop":1759516337243,"duration":0},"status":"passed","steps":[],"attachments":[],"parameters":[],"shouldDisplayMessage":false,"stepsCount":0,"attachmentsCount":0,"hasContent":false,"attachmentStep":false},{"name":"serial_number","time":{"start":1759516337243,"stop":1759516337243,"duration":0},"status":"passed","steps":[],"attachments":[],"parameters":[],"shouldDisplayMessage":false,"stepsCount":0,"attachmentsCount":0,"hasContent":false,"attachmentStep":false},{"name":"bmp_port","time":{"start":1759516337244,"stop":1759516337244,"duration":0},"status":"passed","steps":[],"attachments":[],"parameters":[],"shouldDisplayMessage":false,"stepsCount":0,"attachmentsCount":0,"hasContent":false,"attachmentStep":false}],"testStage":{"status":"broken","statusMessage":"SystemExit: 2","statusTrace":"self = AddrFilenamePairAction(option_strings=[], dest='addr_filename', nargs='+', const=None, default=None, type=None, choice...True, help='Address followed by binary filename, separated by space', metavar='<address> <filename>', deprecated=False)\nparser = ArgumentParser(prog='esptool write_flash', usage=None, description=None, formatter_class=<class 'argparse.HelpFormatter'>, conflict_handler='error', add_help=True)\nnamespace = Namespace(addr_filename=None, erase_all=True, flash_freq='keep', flash_mode='keep', flash_size='keep', spi_connection=...=False, encrypt_files=None, ignore_flash_encryption_efuse_setting=False, force=False, compress=None, no_compress=False)\nvalues = ['0', 'rpc.bin'], option_string = None\n\n    def __call__(self, parser, namespace, values, option_string=None):\n        # validate pair arguments\n        pairs = []\n        for i in range(0, len(values), 2):\n            try:\n                address = int(values[i], 0)\n            except ValueError:\n                raise argparse.ArgumentError(\n                    self, 'Address \"%s\" must be a number' % values[i]\n                )\n            try:\n>               argfile = open(values[i + 1], \"rb\")\n                          ^^^^^^^^^^^^^^^^^^^^^^^^^\nE               FileNotFoundError: [Errno 2] No such file or directory: 'rpc.bin'\n\n/root/venv/lib/python3.13/site-packages/esptool/__init__.py:1324: FileNotFoundError\n\nDuring handling of the above exception, another exception occurred:\n\nself = ArgumentParser(prog='esptool write_flash', usage=None, description=None, formatter_class=<class 'argparse.HelpFormatter'>, conflict_handler='error', add_help=True)\nargs = ['-e', '0', 'rpc.bin']\nnamespace = Namespace(addr_filename=None, erase_all=True, flash_freq='keep', flash_mode='keep', flash_size='keep', spi_connection=...=False, encrypt_files=None, ignore_flash_encryption_efuse_setting=False, force=False, compress=None, no_compress=False)\nintermixed = False\n\n    def _parse_known_args2(self, args, namespace, intermixed):\n        if args is None:\n            # args default to the system args\n            args = _sys.argv[1:]\n        else:\n            # make sure that args are mutable\n            args = list(args)\n    \n        # default Namespace built from parser defaults\n        if namespace is None:\n            namespace = Namespace()\n    \n        # add any action defaults that aren't present\n        for action in self._actions:\n            if action.dest is not SUPPRESS:\n                if not hasattr(namespace, action.dest):\n                    if action.default is not SUPPRESS:\n                        setattr(namespace, action.dest, action.default)\n    \n        # add any parser defaults that aren't present\n        for dest in self._defaults:\n            if not hasattr(namespace, dest):\n                setattr(namespace, dest, self._defaults[dest])\n    \n        # parse the arguments and exit if there are any errors\n        if self.exit_on_error:\n            try:\n>               namespace, args = self._parse_known_args(args, namespace, intermixed)\n                                  ^^^^^^^^^^^^^^^^^^^^^^^^^^^^^^^^^^^^^^^^^^^^^^^^^^^\n\n/usr/cpython-3.13.5-linux-aarch64-gnu/lib/python3.13/argparse.py:1937: \n_ _ _ _ _ _ _ _ _ _ _ _ _ _ _ _ _ _ _ _ _ _ _ _ _ _ _ _ _ _ _ _ _ _ _ _ _ _ _ _ \n/usr/cpython-3.13.5-linux-aarch64-gnu/lib/python3.13/argparse.py:2192: in _parse_known_args\n    stop_index = consume_positionals(start_index)\n                 ^^^^^^^^^^^^^^^^^^^^^^^^^^^^^^^^\n/usr/cpython-3.13.5-linux-aarch64-gnu/lib/python3.13/argparse.py:2144: in consume_positionals\n    take_action(action, args)\n/usr/cpython-3.13.5-linux-aarch64-gnu/lib/python3.13/argparse.py:2013: in take_action\n    action(self, namespace, argument_values, option_string)\n_ _ _ _ _ _ _ _ _ _ _ _ _ _ _ _ _ _ _ _ _ _ _ _ _ _ _ _ _ _ _ _ _ _ _ _ _ _ _ _ \n\nself = AddrFilenamePairAction(option_strings=[], dest='addr_filename', nargs='+', const=None, default=None, type=None, choice...True, help='Address followed by binary filename, separated by space', metavar='<address> <filename>', deprecated=False)\nparser = ArgumentParser(prog='esptool write_flash', usage=None, description=None, formatter_class=<class 'argparse.HelpFormatter'>, conflict_handler='error', add_help=True)\nnamespace = Namespace(addr_filename=None, erase_all=True, flash_freq='keep', flash_mode='keep', flash_size='keep', spi_connection=...=False, encrypt_files=None, ignore_flash_encryption_efuse_setting=False, force=False, compress=None, no_compress=False)\nvalues = ['0', 'rpc.bin'], option_string = None\n\n    def __call__(self, parser, namespace, values, option_string=None):\n        # validate pair arguments\n        pairs = []\n        for i in range(0, len(values), 2):\n            try:\n                address = int(values[i], 0)\n            except ValueError:\n                raise argparse.ArgumentError(\n                    self, 'Address \"%s\" must be a number' % values[i]\n                )\n            try:\n                argfile = open(values[i + 1], \"rb\")\n            except IOError as e:\n>               raise argparse.ArgumentError(self, e)\nE               argparse.ArgumentError: argument <address> <filename>: [Errno 2] No such file or directory: 'rpc.bin'\n\n/root/venv/lib/python3.13/site-packages/esptool/__init__.py:1326: ArgumentError\n\nDuring handling of the above exception, another exception occurred:\n\nitem = <Function test_rpc>\n\n    @pytest.hookimpl(wrapper=True)\n    def pytest_runtest_setup(item):\n        board_name = item.config.getoption(\"--allure-board\") or item.config.getoption(\"--board\")\n        allure_platform_name = item.config.getoption(\"--allure-platform\")\n        suitename = item.config.getoption(\"--custom-suitename\") or \"hil\"\n    \n        allure.dynamic.tag(board_name)\n        allure.dynamic.tag(allure_platform_name)\n        allure.dynamic.parameter(\"board_name\", board_name)\n        allure.dynamic.parameter(\"platform_name\", allure_platform_name)\n        allure.dynamic.parent_suite(f\"{suitename}.{allure_platform_name}.{board_name}\")\n    \n        if runner_name is not None:\n            allure.dynamic.tag(item.config.getoption(\"--runner-name\"))\n    \n>       yield\n\n/root/venv/lib/python3.13/site-packages/pytest_hil/plugin.py:145: \n_ _ _ _ _ _ _ _ _ _ _ _ _ _ _ _ _ _ _ _ _ _ _ _ _ _ _ _ _ _ _ _ _ _ _ _ _ _ _ _ \n/root/venv/lib/python3.13/site-packages/anyio/pytest_plugin.py:98: in wrapper\n    yield from runner.run_asyncgen_fixture(local_func, kwargs)\n/root/venv/lib/python3.13/site-packages/anyio/_backends/_trio.py:948: in run_asyncgen_fixture\n    fixturevalue: T_Retval = self._call_in_runner_task(asyncgen.asend, None)\n                             ^^^^^^^^^^^^^^^^^^^^^^^^^^^^^^^^^^^^^^^^^^^^^^^\n/root/venv/lib/python3.13/site-packages/anyio/_backends/_trio.py:940: in _call_in_runner_task\n    return outcome_holder[0].unwrap()\n           ^^^^^^^^^^^^^^^^^^^^^^^^^^\n/root/venv/lib/python3.13/site-packages/outcome/_impl.py:213: in unwrap\n    raise captured_error\n/root/venv/lib/python3.13/site-packages/anyio/_backends/_trio.py:910: in _run_tests_and_fixtures\n    retval = await coro\n             ^^^^^^^^^^\n/root/venv/lib/python3.13/site-packages/pytest_hil/plugin.py:127: in board\n    async with board.started():\n               ^^^^^^^^^^^^^^^\n/usr/cpython-3.13.5-linux-aarch64-gnu/lib/python3.13/contextlib.py:214: in __aenter__\n    return await anext(self.gen)\n           ^^^^^^^^^^^^^^^^^^^^^\n/root/venv/lib/python3.13/site-packages/pytest_hil/board.py:28: in started\n    self.program(self.fw_image)\n/root/venv/lib/python3.13/site-packages/pytest_hil/espboard.py:19: in program\n    esptool.main(cmd)\n/root/venv/lib/python3.13/site-packages/esptool/__init__.py:727: in main\n    args = parser.parse_args(argv)\n           ^^^^^^^^^^^^^^^^^^^^^^^\n/usr/cpython-3.13.5-linux-aarch64-gnu/lib/python3.13/argparse.py:1898: in parse_args\n    args, argv = self.parse_known_args(args, namespace)\n                 ^^^^^^^^^^^^^^^^^^^^^^^^^^^^^^^^^^^^^^\n/usr/cpython-3.13.5-linux-aarch64-gnu/lib/python3.13/argparse.py:1908: in parse_known_args\n    return self._parse_known_args2(args, namespace, intermixed=False)\n           ^^^^^^^^^^^^^^^^^^^^^^^^^^^^^^^^^^^^^^^^^^^^^^^^^^^^^^^^^^\n/usr/cpython-3.13.5-linux-aarch64-gnu/lib/python3.13/argparse.py:1937: in _parse_known_args2\n    namespace, args = self._parse_known_args(args, namespace, intermixed)\n                      ^^^^^^^^^^^^^^^^^^^^^^^^^^^^^^^^^^^^^^^^^^^^^^^^^^^\n/usr/cpython-3.13.5-linux-aarch64-gnu/lib/python3.13/argparse.py:2169: in _parse_known_args\n    positionals_end_index = consume_positionals(start_index)\n                            ^^^^^^^^^^^^^^^^^^^^^^^^^^^^^^^^\n/usr/cpython-3.13.5-linux-aarch64-gnu/lib/python3.13/argparse.py:2144: in consume_positionals\n    take_action(action, args)\n/usr/cpython-3.13.5-linux-aarch64-gnu/lib/python3.13/argparse.py:2013: in take_action\n    action(self, namespace, argument_values, option_string)\n/usr/cpython-3.13.5-linux-aarch64-gnu/lib/python3.13/argparse.py:1258: in __call__\n    subnamespace, arg_strings = subparser.parse_known_args(arg_strings, None)\n                                ^^^^^^^^^^^^^^^^^^^^^^^^^^^^^^^^^^^^^^^^^^^^^\n/usr/cpython-3.13.5-linux-aarch64-gnu/lib/python3.13/argparse.py:1908: in parse_known_args\n    return self._parse_known_args2(args, namespace, intermixed=False)\n           ^^^^^^^^^^^^^^^^^^^^^^^^^^^^^^^^^^^^^^^^^^^^^^^^^^^^^^^^^^\n/usr/cpython-3.13.5-linux-aarch64-gnu/lib/python3.13/argparse.py:1939: in _parse_known_args2\n    self.error(str(err))\n/usr/cpython-3.13.5-linux-aarch64-gnu/lib/python3.13/argparse.py:2658: in error\n    self.exit(2, _('%(prog)s: error: %(message)s\\n') % args)\n_ _ _ _ _ _ _ _ _ _ _ _ _ _ _ _ _ _ _ _ _ _ _ _ _ _ _ _ _ _ _ _ _ _ _ _ _ _ _ _ \n\nself = ArgumentParser(prog='esptool write_flash', usage=None, description=None, formatter_class=<class 'argparse.HelpFormatter'>, conflict_handler='error', add_help=True)\nstatus = 2\nmessage = \"esptool write_flash: error: argument <address> <filename>: [Errno 2] No such file or directory: 'rpc.bin'\\n\"\n\n    def exit(self, status=0, message=None):\n        if message:\n            self._print_message(message, _sys.stderr)\n>       _sys.exit(status)\nE       SystemExit: 2\n\n/usr/cpython-3.13.5-linux-aarch64-gnu/lib/python3.13/argparse.py:2645: SystemExit","steps":[],"attachments":[{"uid":"8683eb2581f86ca8","name":"stderr","source":"8683eb2581f86ca8.txt","type":"text/plain","size":861}],"parameters":[],"shouldDisplayMessage":true,"stepsCount":0,"attachmentsCount":1,"hasContent":true,"attachmentStep":false},"afterStages":[],"labels":[{"name":"tag","value":"esp32_devkitc_wrover_espidf"},{"name":"tag","value":"esp-idf"},{"name":"parentSuite","value":"sample.esp-idf.esp32_devkitc_wrover_espidf"},{"name":"tag","value":"sams_orange_pi"},{"name":"tag","value":"anyio"},{"name":"suite","value":"test_sample"},{"name":"host","value":"7e7a97d4ec92"},{"name":"thread","value":"259-MainThread"},{"name":"framework","value":"pytest"},{"name":"language","value":"cpython3"},{"name":"package","value":"examples.esp_idf.rpc.pytest.test_sample"},{"name":"resultFormat","value":"allure2"}],"parameters":[{"name":"board_name","value":"'esp32_devkitc_wrover_espidf'"},{"name":"platform_name","value":"'esp-idf'"}],"links":[],"hidden":true,"retry":true,"extra":{"categories":[],"tags":["esp-idf","anyio","sams_orange_pi","esp32_devkitc_wrover_espidf"]},"source":"4f51e441e7610392.json","parameterValues":["'esp32_devkitc_wrover_espidf'","'esp-idf'"]}