{"uid":"25ddf1aed3f9ba1b","name":"test_restart","fullName":"modules.lib.golioth-firmware-sdk.tests.hil.tests.settings.test_settings#test_restart","historyId":"b601777bd779e625a0117567cd1cdee8","time":{"start":1760962437845,"stop":1760962466314,"duration":28469},"status":"broken","statusMessage":"ExceptionGroup: Exceptions from Trio nursery (1 sub-exception)","statusTrace":"+ Exception Group Traceback (most recent call last):\n  |   File \"/root/venv/lib/python3.13/site-packages/allure_commons/_allure.py\", line 231, in __call__\n  |     return self._fixture_function(*args, **kwargs)\n  |            ~~~~~~~~~~~~~~~~~~~~~~^^^^^^^^^^^^^^^^^\n  |   File \"/root/venv/lib/python3.13/site-packages/_pytest/fixtures.py\", line 939, in _teardown_yield_fixture\n  |     next(it)\n  |     ~~~~^^^^\n  |   File \"/root/venv/lib/python3.13/site-packages/anyio/pytest_plugin.py\", line 117, in wrapper\n  |     yield from runner.run_asyncgen_fixture(local_func, kwargs)\n  |   File \"/root/venv/lib/python3.13/site-packages/anyio/_backends/_trio.py\", line 955, in run_asyncgen_fixture\n  |     self._call_in_runner_task(asyncgen.asend, None)\n  |     ~~~~~~~~~~~~~~~~~~~~~~~~~^^^^^^^^^^^^^^^^^^^^^^\n  |   File \"/root/venv/lib/python3.13/site-packages/anyio/_backends/_trio.py\", line 942, in _call_in_runner_task\n  |     return outcome_holder[0].unwrap()\n  |            ~~~~~~~~~~~~~~~~~~~~~~~~^^\n  |   File \"/root/venv/lib/python3.13/site-packages/outcome/_impl.py\", line 213, in unwrap\n  |     raise captured_error\n  |   File \"/root/venv/lib/python3.13/site-packages/anyio/_backends/_trio.py\", line 912, in _run_tests_and_fixtures\n  |     retval = await coro\n  |              ^^^^^^^^^^\n  |   File \"/root/venv/lib/python3.13/site-packages/pytest_hil/plugin.py\", line 127, in board\n  |     async with board.started():\n  |                ~~~~~~~~~~~~~^^\n  |   File \"/usr/cpython-3.13.9-linux-x86_64-gnu/lib/python3.13/contextlib.py\", line 221, in __aexit__\n  |     await anext(self.gen)\n  |   File \"/root/venv/lib/python3.13/site-packages/pytest_hil/native_sim.py\", line 16, in started\n  |     async with trio.open_nursery() as nursery:\n  |                ~~~~~~~~~~~~~~~~~^^\n  |   File \"/root/venv/lib/python3.13/site-packages/trio/_core/_run.py\", line 1125, in __aexit__\n  |     raise combined_error_from_nursery\n  | ExceptionGroup: Exceptions from Trio nursery (1 sub-exception)\n  +-+---------------- 1 ----------------\n    | Traceback (most recent call last):\n    |   File \"/root/venv/lib/python3.13/site-packages/trio/_subprocess.py\", line 775, in _run_process\n    |     raise subprocess.CalledProcessError(\n    |     ...<4 lines>...\n    |     )\n    | subprocess.CalledProcessError: Command '['hil-out/settings/zephyr/zephyr.exe']' returned non-zero exit status 1.\n    +------------------------------------","flaky":false,"newFailed":false,"newBroken":false,"newPassed":false,"retriesCount":0,"retriesStatusChange":false,"beforeStages":[{"name":"api_key","time":{"start":1760962330018,"stop":1760962330018,"duration":0},"status":"passed","steps":[],"attachments":[],"parameters":[],"shouldDisplayMessage":false,"stepsCount":0,"attachmentsCount":0,"hasContent":false,"attachmentStep":false},{"name":"device_name","time":{"start":1760962330018,"stop":1760962330018,"duration":0},"status":"passed","steps":[],"attachments":[],"parameters":[],"shouldDisplayMessage":false,"stepsCount":0,"attachmentsCount":0,"hasContent":false,"attachmentStep":false},{"name":"api_url","time":{"start":1760962330018,"stop":1760962330018,"duration":0},"status":"passed","steps":[],"attachments":[],"parameters":[],"shouldDisplayMessage":false,"stepsCount":0,"attachmentsCount":0,"hasContent":false,"attachmentStep":false},{"name":"anyio_backend","time":{"start":1760962330018,"stop":1760962330018,"duration":0},"status":"passed","steps":[],"attachments":[],"parameters":[],"shouldDisplayMessage":false,"stepsCount":0,"attachmentsCount":0,"hasContent":false,"attachmentStep":false},{"name":"project","time":{"start":1760962330018,"stop":1760962330310,"duration":292},"status":"passed","steps":[],"attachments":[],"parameters":[],"shouldDisplayMessage":false,"stepsCount":0,"attachmentsCount":0,"hasContent":false,"attachmentStep":false},{"name":"baud","time":{"start":1760962330018,"stop":1760962330018,"duration":0},"status":"passed","steps":[],"attachments":[],"parameters":[],"shouldDisplayMessage":false,"stepsCount":0,"attachmentsCount":0,"hasContent":false,"attachmentStep":false},{"name":"wifi_ssid","time":{"start":1760962330018,"stop":1760962330018,"duration":0},"status":"passed","steps":[],"attachments":[],"parameters":[],"shouldDisplayMessage":false,"stepsCount":0,"attachmentsCount":0,"hasContent":false,"attachmentStep":false},{"name":"wifi_psk","time":{"start":1760962330018,"stop":1760962330018,"duration":0},"status":"passed","steps":[],"attachments":[],"parameters":[],"shouldDisplayMessage":false,"stepsCount":0,"attachmentsCount":0,"hasContent":false,"attachmentStep":false},{"name":"board","time":{"start":1760962330310,"stop":1760962330312,"duration":2},"status":"passed","steps":[],"attachments":[],"parameters":[],"shouldDisplayMessage":false,"stepsCount":0,"attachmentsCount":0,"hasContent":false,"attachmentStep":false},{"name":"device","time":{"start":1760962330312,"stop":1760962330686,"duration":374},"status":"passed","steps":[],"attachments":[],"parameters":[],"shouldDisplayMessage":false,"stepsCount":0,"attachmentsCount":0,"hasContent":false,"attachmentStep":false},{"name":"setup","time":{"start":1760962330687,"stop":1760962341473,"duration":10786},"status":"passed","steps":[],"attachments":[],"parameters":[],"shouldDisplayMessage":false,"stepsCount":0,"attachmentsCount":0,"hasContent":false,"attachmentStep":false}],"testStage":{"status":"broken","statusMessage":"ExceptionGroup: Exceptions from Trio nursery (1 sub-exception)","statusTrace":"+ Exception Group Traceback (most recent call last):\n  |   File \"/root/venv/lib/python3.13/site-packages/allure_commons/_allure.py\", line 231, in __call__\n  |     return self._fixture_function(*args, **kwargs)\n  |            ~~~~~~~~~~~~~~~~~~~~~~^^^^^^^^^^^^^^^^^\n  |   File \"/root/venv/lib/python3.13/site-packages/_pytest/fixtures.py\", line 939, in _teardown_yield_fixture\n  |     next(it)\n  |     ~~~~^^^^\n  |   File \"/root/venv/lib/python3.13/site-packages/anyio/pytest_plugin.py\", line 117, in wrapper\n  |     yield from runner.run_asyncgen_fixture(local_func, kwargs)\n  |   File \"/root/venv/lib/python3.13/site-packages/anyio/_backends/_trio.py\", line 955, in run_asyncgen_fixture\n  |     self._call_in_runner_task(asyncgen.asend, None)\n  |     ~~~~~~~~~~~~~~~~~~~~~~~~~^^^^^^^^^^^^^^^^^^^^^^\n  |   File \"/root/venv/lib/python3.13/site-packages/anyio/_backends/_trio.py\", line 942, in _call_in_runner_task\n  |     return outcome_holder[0].unwrap()\n  |            ~~~~~~~~~~~~~~~~~~~~~~~~^^\n  |   File \"/root/venv/lib/python3.13/site-packages/outcome/_impl.py\", line 213, in unwrap\n  |     raise captured_error\n  |   File \"/root/venv/lib/python3.13/site-packages/anyio/_backends/_trio.py\", line 912, in _run_tests_and_fixtures\n  |     retval = await coro\n  |              ^^^^^^^^^^\n  |   File \"/root/venv/lib/python3.13/site-packages/pytest_hil/plugin.py\", line 127, in board\n  |     async with board.started():\n  |                ~~~~~~~~~~~~~^^\n  |   File \"/usr/cpython-3.13.9-linux-x86_64-gnu/lib/python3.13/contextlib.py\", line 221, in __aexit__\n  |     await anext(self.gen)\n  |   File \"/root/venv/lib/python3.13/site-packages/pytest_hil/native_sim.py\", line 16, in started\n  |     async with trio.open_nursery() as nursery:\n  |                ~~~~~~~~~~~~~~~~~^^\n  |   File \"/root/venv/lib/python3.13/site-packages/trio/_core/_run.py\", line 1125, in __aexit__\n  |     raise combined_error_from_nursery\n  | ExceptionGroup: Exceptions from Trio nursery (1 sub-exception)\n  +-+---------------- 1 ----------------\n    | Traceback (most recent call last):\n    |   File \"/root/venv/lib/python3.13/site-packages/trio/_subprocess.py\", line 775, in _run_process\n    |     raise subprocess.CalledProcessError(\n    |     ...<4 lines>...\n    |     )\n    | subprocess.CalledProcessError: Command '['hil-out/settings/zephyr/zephyr.exe']' returned non-zero exit status 1.\n    +------------------------------------","steps":[],"attachments":[{"uid":"5dcb489ce164f828","name":"stdout","source":"5dcb489ce164f828.txt","type":"text/plain","size":2657},{"uid":"f38d651c4fbc90c5","name":"stderr","source":"f38d651c4fbc90c5.txt","type":"text/plain","size":91}],"parameters":[],"shouldDisplayMessage":true,"stepsCount":0,"attachmentsCount":2,"hasContent":true,"attachmentStep":false},"afterStages":[{"name":"device::0","time":{"start":1760962466315,"stop":1760962466481,"duration":166},"status":"passed","steps":[],"attachments":[],"parameters":[],"shouldDisplayMessage":false,"stepsCount":0,"attachmentsCount":0,"hasContent":false,"attachmentStep":false},{"name":"setup::0","time":{"start":1760962466315,"stop":1760962466315,"duration":0},"status":"passed","steps":[],"attachments":[],"parameters":[],"shouldDisplayMessage":false,"stepsCount":0,"attachmentsCount":0,"hasContent":false,"attachmentStep":false},{"name":"board::0","time":{"start":1760962466482,"stop":1760962466504,"duration":22},"status":"broken","statusMessage":"ExceptionGroup: Exceptions from Trio nursery (1 sub-exception)\n","statusTrace":"  File \"/root/venv/lib/python3.13/site-packages/allure_commons/_allure.py\", line 231, in __call__\n    return self._fixture_function(*args, **kwargs)\n           ~~~~~~~~~~~~~~~~~~~~~~^^^^^^^^^^^^^^^^^\n  File \"/root/venv/lib/python3.13/site-packages/_pytest/fixtures.py\", line 939, in _teardown_yield_fixture\n    next(it)\n    ~~~~^^^^\n  File \"/root/venv/lib/python3.13/site-packages/anyio/pytest_plugin.py\", line 117, in wrapper\n    yield from runner.run_asyncgen_fixture(local_func, kwargs)\n  File \"/root/venv/lib/python3.13/site-packages/anyio/_backends/_trio.py\", line 955, in run_asyncgen_fixture\n    self._call_in_runner_task(asyncgen.asend, None)\n    ~~~~~~~~~~~~~~~~~~~~~~~~~^^^^^^^^^^^^^^^^^^^^^^\n  File \"/root/venv/lib/python3.13/site-packages/anyio/_backends/_trio.py\", line 942, in _call_in_runner_task\n    return outcome_holder[0].unwrap()\n           ~~~~~~~~~~~~~~~~~~~~~~~~^^\n  File \"/root/venv/lib/python3.13/site-packages/outcome/_impl.py\", line 213, in unwrap\n    raise captured_error\n  File \"/root/venv/lib/python3.13/site-packages/anyio/_backends/_trio.py\", line 912, in _run_tests_and_fixtures\n    retval = await coro\n             ^^^^^^^^^^\n  File \"/root/venv/lib/python3.13/site-packages/pytest_hil/plugin.py\", line 127, in board\n    async with board.started():\n               ~~~~~~~~~~~~~^^\n  File \"/usr/cpython-3.13.9-linux-x86_64-gnu/lib/python3.13/contextlib.py\", line 221, in __aexit__\n    await anext(self.gen)\n  File \"/root/venv/lib/python3.13/site-packages/pytest_hil/native_sim.py\", line 16, in started\n    async with trio.open_nursery() as nursery:\n               ~~~~~~~~~~~~~~~~~^^\n  File \"/root/venv/lib/python3.13/site-packages/trio/_core/_run.py\", line 1125, in __aexit__\n    raise combined_error_from_nursery\n","steps":[],"attachments":[],"parameters":[],"shouldDisplayMessage":true,"stepsCount":0,"attachmentsCount":0,"hasContent":true,"attachmentStep":false},{"name":"project::0","time":{"start":1760962466505,"stop":1760962466505,"duration":0},"status":"passed","steps":[],"attachments":[],"parameters":[],"shouldDisplayMessage":false,"stepsCount":0,"attachmentsCount":0,"hasContent":false,"attachmentStep":false}],"labels":[{"name":"tag","value":"native_sim_32"},{"name":"tag","value":"zephyr"},{"name":"parentSuite","value":"hil.zephyr.native_sim_32"},{"name":"tag"},{"name":"tag","value":"anyio"},{"name":"suite","value":"test_settings"},{"name":"host","value":"4d5301d8e9cb"},{"name":"thread","value":"7667-MainThread"},{"name":"framework","value":"pytest"},{"name":"language","value":"cpython3"},{"name":"package","value":"modules.lib.golioth-firmware-sdk.tests.hil.tests.settings.test_settings"},{"name":"resultFormat","value":"allure2"}],"parameters":[{"name":"board_name","value":"'native_sim_32'"},{"name":"platform_name","value":"'zephyr'"}],"links":[],"hidden":false,"retry":false,"extra":{"severity":"normal","retries":[],"categories":[{"name":"Test defects","matchedStatuses":[],"flaky":false}],"tags":["anyio","native_sim_32","zephyr"]},"source":"25ddf1aed3f9ba1b.json","parameterValues":["'native_sim_32'","'zephyr'"]}